{"/home/yar/frontend-project-lvl2/index.js": {"path":"/home/yar/frontend-project-lvl2/index.js","all":false,"statementMap":{"0":{"start":{"line":1,"column":0},"end":{"line":1,"column":37}},"1":{"start":{"line":2,"column":0},"end":{"line":2,"column":0}},"2":{"start":{"line":3,"column":0},"end":{"line":3,"column":23}}},"s":{"0":1,"1":1,"2":1},"branchMap":{"0":{"type":"branch","line":1,"loc":{"start":{"line":1,"column":0},"end":{"line":3,"column":23}},"locations":[{"start":{"line":1,"column":0},"end":{"line":3,"column":23}}]}},"b":{"0":[1]},"fnMap":{},"f":{}}
,"/home/yar/frontend-project-lvl2/src/fileReader.js": {"path":"/home/yar/frontend-project-lvl2/src/fileReader.js","all":false,"statementMap":{"0":{"start":{"line":1,"column":0},"end":{"line":1,"column":29}},"1":{"start":{"line":2,"column":0},"end":{"line":2,"column":20}},"2":{"start":{"line":3,"column":0},"end":{"line":3,"column":60}},"3":{"start":{"line":4,"column":0},"end":{"line":4,"column":35}},"4":{"start":{"line":5,"column":0},"end":{"line":5,"column":16}},"5":{"start":{"line":6,"column":0},"end":{"line":6,"column":45}},"6":{"start":{"line":7,"column":0},"end":{"line":7,"column":33}},"7":{"start":{"line":8,"column":0},"end":{"line":8,"column":4}},"8":{"start":{"line":9,"column":0},"end":{"line":9,"column":14}},"9":{"start":{"line":10,"column":0},"end":{"line":10,"column":2}},"10":{"start":{"line":11,"column":0},"end":{"line":11,"column":0}},"11":{"start":{"line":12,"column":0},"end":{"line":12,"column":27}}},"s":{"0":1,"1":1,"2":1,"3":1,"4":12,"5":12,"6":12,"7":12,"8":12,"9":1,"10":1,"11":1},"branchMap":{"0":{"type":"branch","line":1,"loc":{"start":{"line":1,"column":0},"end":{"line":12,"column":27}},"locations":[{"start":{"line":1,"column":0},"end":{"line":12,"column":27}}]},"1":{"type":"branch","line":4,"loc":{"start":{"line":4,"column":20},"end":{"line":10,"column":1}},"locations":[{"start":{"line":4,"column":20},"end":{"line":10,"column":1}}]}},"b":{"0":[1],"1":[12]},"fnMap":{"0":{"name":"getFileData","decl":{"start":{"line":4,"column":20},"end":{"line":10,"column":1}},"loc":{"start":{"line":4,"column":20},"end":{"line":10,"column":1}},"line":4}},"f":{"0":12}}
,"/home/yar/frontend-project-lvl2/src/index.js": {"path":"/home/yar/frontend-project-lvl2/src/index.js","all":false,"statementMap":{"0":{"start":{"line":1,"column":0},"end":{"line":1,"column":42}},"1":{"start":{"line":2,"column":0},"end":{"line":2,"column":33}},"2":{"start":{"line":3,"column":0},"end":{"line":3,"column":40}},"3":{"start":{"line":4,"column":0},"end":{"line":4,"column":48}},"4":{"start":{"line":5,"column":0},"end":{"line":5,"column":0}},"5":{"start":{"line":6,"column":0},"end":{"line":6,"column":43}},"6":{"start":{"line":7,"column":0},"end":{"line":7,"column":39}},"7":{"start":{"line":8,"column":0},"end":{"line":8,"column":39}},"8":{"start":{"line":9,"column":0},"end":{"line":9,"column":38}},"9":{"start":{"line":10,"column":0},"end":{"line":10,"column":38}},"10":{"start":{"line":11,"column":0},"end":{"line":11,"column":48}},"11":{"start":{"line":12,"column":0},"end":{"line":12,"column":35}},"12":{"start":{"line":13,"column":0},"end":{"line":13,"column":2}},"13":{"start":{"line":14,"column":0},"end":{"line":14,"column":0}},"14":{"start":{"line":15,"column":0},"end":{"line":15,"column":23}}},"s":{"0":1,"1":1,"2":1,"3":1,"4":1,"5":1,"6":6,"7":6,"8":6,"9":6,"10":6,"11":6,"12":1,"13":1,"14":1},"branchMap":{"0":{"type":"branch","line":1,"loc":{"start":{"line":1,"column":0},"end":{"line":15,"column":23}},"locations":[{"start":{"line":1,"column":0},"end":{"line":15,"column":23}}]},"1":{"type":"branch","line":6,"loc":{"start":{"line":6,"column":16},"end":{"line":13,"column":1}},"locations":[{"start":{"line":6,"column":16},"end":{"line":13,"column":1}}]}},"b":{"0":[1],"1":[6]},"fnMap":{"0":{"name":"genDiff","decl":{"start":{"line":6,"column":16},"end":{"line":13,"column":1}},"loc":{"start":{"line":6,"column":16},"end":{"line":13,"column":1}},"line":6}},"f":{"0":6}}
,"/home/yar/frontend-project-lvl2/src/parsers.js": {"path":"/home/yar/frontend-project-lvl2/src/parsers.js","all":false,"statementMap":{"0":{"start":{"line":1,"column":0},"end":{"line":1,"column":27}},"1":{"start":{"line":2,"column":0},"end":{"line":2,"column":57}},"2":{"start":{"line":3,"column":0},"end":{"line":3,"column":29}},"3":{"start":{"line":4,"column":0},"end":{"line":4,"column":34}},"4":{"start":{"line":5,"column":0},"end":{"line":5,"column":30}},"5":{"start":{"line":6,"column":0},"end":{"line":6,"column":28}},"6":{"start":{"line":7,"column":0},"end":{"line":7,"column":3}},"7":{"start":{"line":8,"column":0},"end":{"line":8,"column":62}},"8":{"start":{"line":9,"column":0},"end":{"line":9,"column":30}},"9":{"start":{"line":10,"column":0},"end":{"line":10,"column":27}},"10":{"start":{"line":11,"column":0},"end":{"line":11,"column":3}},"11":{"start":{"line":12,"column":0},"end":{"line":12,"column":18}},"12":{"start":{"line":13,"column":0},"end":{"line":13,"column":2}},"13":{"start":{"line":14,"column":0},"end":{"line":14,"column":0}},"14":{"start":{"line":15,"column":0},"end":{"line":15,"column":21}}},"s":{"0":1,"1":1,"2":1,"3":12,"4":6,"5":6,"6":6,"7":12,"8":6,"9":6,"10":6,"11":0,"12":1,"13":1,"14":1},"branchMap":{"0":{"type":"branch","line":1,"loc":{"start":{"line":1,"column":0},"end":{"line":15,"column":21}},"locations":[{"start":{"line":1,"column":0},"end":{"line":15,"column":21}}]},"1":{"type":"branch","line":3,"loc":{"start":{"line":3,"column":14},"end":{"line":13,"column":1}},"locations":[{"start":{"line":3,"column":14},"end":{"line":13,"column":1}}]},"2":{"type":"branch","line":4,"loc":{"start":{"line":4,"column":33},"end":{"line":8,"column":59}},"locations":[{"start":{"line":4,"column":33},"end":{"line":8,"column":59}}]},"3":{"type":"branch","line":8,"loc":{"start":{"line":8,"column":61},"end":{"line":11,"column":3}},"locations":[{"start":{"line":8,"column":61},"end":{"line":11,"column":3}}]},"4":{"type":"branch","line":12,"loc":{"start":{"line":12,"column":-1},"end":{"line":13,"column":0}},"locations":[{"start":{"line":12,"column":-1},"end":{"line":13,"column":0}}]}},"b":{"0":[1],"1":[12],"2":[6],"3":[6],"4":[0]},"fnMap":{"0":{"name":"parse","decl":{"start":{"line":3,"column":14},"end":{"line":13,"column":1}},"loc":{"start":{"line":3,"column":14},"end":{"line":13,"column":1}},"line":3}},"f":{"0":12}}
,"/home/yar/frontend-project-lvl2/src/treeBuilder.js": {"path":"/home/yar/frontend-project-lvl2/src/treeBuilder.js","all":false,"statementMap":{"0":{"start":{"line":1,"column":0},"end":{"line":1,"column":23}},"1":{"start":{"line":2,"column":0},"end":{"line":2,"column":0}},"2":{"start":{"line":3,"column":0},"end":{"line":3,"column":36}},"3":{"start":{"line":4,"column":0},"end":{"line":4,"column":66}},"4":{"start":{"line":5,"column":0},"end":{"line":5,"column":0}},"5":{"start":{"line":6,"column":0},"end":{"line":6,"column":37}},"6":{"start":{"line":7,"column":0},"end":{"line":7,"column":29}},"7":{"start":{"line":8,"column":0},"end":{"line":8,"column":14}},"8":{"start":{"line":9,"column":0},"end":{"line":9,"column":18}},"9":{"start":{"line":10,"column":0},"end":{"line":10,"column":26}},"10":{"start":{"line":11,"column":0},"end":{"line":11,"column":22}},"11":{"start":{"line":12,"column":0},"end":{"line":12,"column":8}},"12":{"start":{"line":13,"column":0},"end":{"line":13,"column":5}},"13":{"start":{"line":14,"column":0},"end":{"line":14,"column":29}},"14":{"start":{"line":15,"column":0},"end":{"line":15,"column":14}},"15":{"start":{"line":16,"column":0},"end":{"line":16,"column":18}},"16":{"start":{"line":17,"column":0},"end":{"line":17,"column":26}},"17":{"start":{"line":18,"column":0},"end":{"line":18,"column":24}},"18":{"start":{"line":19,"column":0},"end":{"line":19,"column":8}},"19":{"start":{"line":20,"column":0},"end":{"line":20,"column":5}},"20":{"start":{"line":21,"column":0},"end":{"line":21,"column":69}},"21":{"start":{"line":22,"column":0},"end":{"line":22,"column":14}},"22":{"start":{"line":23,"column":0},"end":{"line":23,"column":18}},"23":{"start":{"line":24,"column":0},"end":{"line":24,"column":23}},"24":{"start":{"line":25,"column":0},"end":{"line":25,"column":51}},"25":{"start":{"line":26,"column":0},"end":{"line":26,"column":8}},"26":{"start":{"line":27,"column":0},"end":{"line":27,"column":5}},"27":{"start":{"line":28,"column":0},"end":{"line":28,"column":36}},"28":{"start":{"line":29,"column":0},"end":{"line":29,"column":14}},"29":{"start":{"line":30,"column":0},"end":{"line":30,"column":18}},"30":{"start":{"line":31,"column":0},"end":{"line":31,"column":24}},"31":{"start":{"line":32,"column":0},"end":{"line":32,"column":27}},"32":{"start":{"line":33,"column":0},"end":{"line":33,"column":27}},"33":{"start":{"line":34,"column":0},"end":{"line":34,"column":8}},"34":{"start":{"line":35,"column":0},"end":{"line":35,"column":5}},"35":{"start":{"line":36,"column":0},"end":{"line":36,"column":0}},"36":{"start":{"line":37,"column":0},"end":{"line":37,"column":12}},"37":{"start":{"line":38,"column":0},"end":{"line":38,"column":16}},"38":{"start":{"line":39,"column":0},"end":{"line":39,"column":24}},"39":{"start":{"line":40,"column":0},"end":{"line":40,"column":24}},"40":{"start":{"line":41,"column":0},"end":{"line":41,"column":6}},"41":{"start":{"line":42,"column":0},"end":{"line":42,"column":5}},"42":{"start":{"line":43,"column":0},"end":{"line":43,"column":14}},"43":{"start":{"line":44,"column":0},"end":{"line":44,"column":2}},"44":{"start":{"line":45,"column":0},"end":{"line":45,"column":0}},"45":{"start":{"line":46,"column":0},"end":{"line":46,"column":24}}},"s":{"0":1,"1":1,"2":1,"3":30,"4":30,"5":30,"6":108,"7":30,"8":30,"9":30,"10":30,"11":30,"12":30,"13":108,"14":12,"15":12,"16":12,"17":12,"18":12,"19":12,"20":108,"21":24,"22":24,"23":24,"24":24,"25":24,"26":24,"27":108,"28":24,"29":24,"30":24,"31":24,"32":24,"33":24,"34":24,"35":18,"36":18,"37":18,"38":18,"39":18,"40":18,"41":30,"42":30,"43":1,"44":1,"45":1},"branchMap":{"0":{"type":"branch","line":1,"loc":{"start":{"line":1,"column":0},"end":{"line":46,"column":24}},"locations":[{"start":{"line":1,"column":0},"end":{"line":46,"column":24}}]},"1":{"type":"branch","line":3,"loc":{"start":{"line":3,"column":17},"end":{"line":44,"column":1}},"locations":[{"start":{"line":3,"column":17},"end":{"line":44,"column":1}}]},"2":{"type":"branch","line":6,"loc":{"start":{"line":6,"column":27},"end":{"line":42,"column":3}},"locations":[{"start":{"line":6,"column":27},"end":{"line":42,"column":3}}]},"3":{"type":"branch","line":7,"loc":{"start":{"line":7,"column":28},"end":{"line":13,"column":5}},"locations":[{"start":{"line":7,"column":28},"end":{"line":13,"column":5}}]},"4":{"type":"branch","line":14,"loc":{"start":{"line":14,"column":-1},"end":{"line":14,"column":28}},"locations":[{"start":{"line":14,"column":-1},"end":{"line":14,"column":28}}]},"5":{"type":"branch","line":14,"loc":{"start":{"line":14,"column":28},"end":{"line":20,"column":5}},"locations":[{"start":{"line":14,"column":28},"end":{"line":20,"column":5}}]},"6":{"type":"branch","line":21,"loc":{"start":{"line":21,"column":-1},"end":{"line":21,"column":36}},"locations":[{"start":{"line":21,"column":-1},"end":{"line":21,"column":36}}]},"7":{"type":"branch","line":21,"loc":{"start":{"line":21,"column":36},"end":{"line":21,"column":66}},"locations":[{"start":{"line":21,"column":36},"end":{"line":21,"column":66}}]},"8":{"type":"branch","line":21,"loc":{"start":{"line":21,"column":68},"end":{"line":27,"column":5}},"locations":[{"start":{"line":21,"column":68},"end":{"line":27,"column":5}}]},"9":{"type":"branch","line":28,"loc":{"start":{"line":28,"column":-1},"end":{"line":28,"column":35}},"locations":[{"start":{"line":28,"column":-1},"end":{"line":28,"column":35}}]},"10":{"type":"branch","line":28,"loc":{"start":{"line":28,"column":35},"end":{"line":35,"column":5}},"locations":[{"start":{"line":28,"column":35},"end":{"line":35,"column":5}}]},"11":{"type":"branch","line":36,"loc":{"start":{"line":36,"column":-1},"end":{"line":42,"column":2}},"locations":[{"start":{"line":36,"column":-1},"end":{"line":42,"column":2}}]}},"b":{"0":[1],"1":[30],"2":[108],"3":[30],"4":[78],"5":[12],"6":[66],"7":[30],"8":[24],"9":[42],"10":[24],"11":[18]},"fnMap":{"0":{"name":"makeTree","decl":{"start":{"line":3,"column":17},"end":{"line":44,"column":1}},"loc":{"start":{"line":3,"column":17},"end":{"line":44,"column":1}},"line":3}},"f":{"0":30}}
,"/home/yar/frontend-project-lvl2/src/formatters/index.js": {"path":"/home/yar/frontend-project-lvl2/src/formatters/index.js","all":false,"statementMap":{"0":{"start":{"line":1,"column":0},"end":{"line":1,"column":35}},"1":{"start":{"line":2,"column":0},"end":{"line":2,"column":31}},"2":{"start":{"line":3,"column":0},"end":{"line":3,"column":29}},"3":{"start":{"line":4,"column":0},"end":{"line":4,"column":0}},"4":{"start":{"line":5,"column":0},"end":{"line":5,"column":39}},"5":{"start":{"line":6,"column":0},"end":{"line":6,"column":27}},"6":{"start":{"line":7,"column":0},"end":{"line":7,"column":23}},"7":{"start":{"line":8,"column":0},"end":{"line":8,"column":3}},"8":{"start":{"line":9,"column":0},"end":{"line":9,"column":26}},"9":{"start":{"line":10,"column":0},"end":{"line":10,"column":22}},"10":{"start":{"line":11,"column":0},"end":{"line":11,"column":3}},"11":{"start":{"line":12,"column":0},"end":{"line":12,"column":23}},"12":{"start":{"line":13,"column":0},"end":{"line":13,"column":2}},"13":{"start":{"line":14,"column":0},"end":{"line":14,"column":0}},"14":{"start":{"line":15,"column":0},"end":{"line":15,"column":27}}},"s":{"0":1,"1":1,"2":1,"3":1,"4":1,"5":6,"6":2,"7":2,"8":6,"9":2,"10":2,"11":2,"12":1,"13":1,"14":1},"branchMap":{"0":{"type":"branch","line":1,"loc":{"start":{"line":1,"column":0},"end":{"line":15,"column":27}},"locations":[{"start":{"line":1,"column":0},"end":{"line":15,"column":27}}]},"1":{"type":"branch","line":5,"loc":{"start":{"line":5,"column":20},"end":{"line":13,"column":1}},"locations":[{"start":{"line":5,"column":20},"end":{"line":13,"column":1}}]},"2":{"type":"branch","line":6,"loc":{"start":{"line":6,"column":26},"end":{"line":8,"column":3}},"locations":[{"start":{"line":6,"column":26},"end":{"line":8,"column":3}}]},"3":{"type":"branch","line":9,"loc":{"start":{"line":9,"column":-1},"end":{"line":9,"column":25}},"locations":[{"start":{"line":9,"column":-1},"end":{"line":9,"column":25}}]},"4":{"type":"branch","line":9,"loc":{"start":{"line":9,"column":25},"end":{"line":13,"column":0}},"locations":[{"start":{"line":9,"column":25},"end":{"line":13,"column":0}}]}},"b":{"0":[1],"1":[6],"2":[2],"3":[4],"4":[2]},"fnMap":{"0":{"name":"getFormater","decl":{"start":{"line":5,"column":20},"end":{"line":13,"column":1}},"loc":{"start":{"line":5,"column":20},"end":{"line":13,"column":1}},"line":5}},"f":{"0":6}}
,"/home/yar/frontend-project-lvl2/src/formatters/json.js": {"path":"/home/yar/frontend-project-lvl2/src/formatters/json.js","all":false,"statementMap":{"0":{"start":{"line":1,"column":0},"end":{"line":1,"column":44}},"1":{"start":{"line":2,"column":0},"end":{"line":2,"column":0}},"2":{"start":{"line":3,"column":0},"end":{"line":3,"column":20}}},"s":{"0":1,"1":1,"2":1},"branchMap":{"0":{"type":"branch","line":1,"loc":{"start":{"line":1,"column":0},"end":{"line":3,"column":20}},"locations":[{"start":{"line":1,"column":0},"end":{"line":3,"column":20}}]},"1":{"type":"branch","line":1,"loc":{"start":{"line":1,"column":13},"end":{"line":1,"column":43}},"locations":[{"start":{"line":1,"column":13},"end":{"line":1,"column":43}}]}},"b":{"0":[1],"1":[2]},"fnMap":{"0":{"name":"json","decl":{"start":{"line":1,"column":13},"end":{"line":1,"column":43}},"loc":{"start":{"line":1,"column":13},"end":{"line":1,"column":43}},"line":1}},"f":{"0":2}}
,"/home/yar/frontend-project-lvl2/src/formatters/plain.js": {"path":"/home/yar/frontend-project-lvl2/src/formatters/plain.js","all":false,"statementMap":{"0":{"start":{"line":1,"column":0},"end":{"line":1,"column":23}},"1":{"start":{"line":2,"column":0},"end":{"line":2,"column":0}},"2":{"start":{"line":3,"column":0},"end":{"line":3,"column":29}},"3":{"start":{"line":4,"column":0},"end":{"line":4,"column":26}},"4":{"start":{"line":5,"column":0},"end":{"line":5,"column":29}},"5":{"start":{"line":6,"column":0},"end":{"line":6,"column":3}},"6":{"start":{"line":7,"column":0},"end":{"line":7,"column":26}},"7":{"start":{"line":8,"column":0},"end":{"line":8,"column":24}},"8":{"start":{"line":9,"column":0},"end":{"line":9,"column":3}},"9":{"start":{"line":10,"column":0},"end":{"line":10,"column":15}},"10":{"start":{"line":11,"column":0},"end":{"line":11,"column":2}},"11":{"start":{"line":12,"column":0},"end":{"line":12,"column":0}},"12":{"start":{"line":13,"column":0},"end":{"line":13,"column":26}},"13":{"start":{"line":14,"column":0},"end":{"line":14,"column":35}},"14":{"start":{"line":15,"column":0},"end":{"line":15,"column":11}},"15":{"start":{"line":16,"column":0},"end":{"line":16,"column":50}},"16":{"start":{"line":17,"column":0},"end":{"line":17,"column":13}},"17":{"start":{"line":18,"column":0},"end":{"line":18,"column":37}},"18":{"start":{"line":19,"column":0},"end":{"line":19,"column":0}},"19":{"start":{"line":20,"column":0},"end":{"line":20,"column":19}},"20":{"start":{"line":21,"column":0},"end":{"line":21,"column":21}},"21":{"start":{"line":22,"column":0},"end":{"line":22,"column":79}},"22":{"start":{"line":23,"column":0},"end":{"line":23,"column":7}},"23":{"start":{"line":24,"column":0},"end":{"line":24,"column":23}},"24":{"start":{"line":25,"column":0},"end":{"line":25,"column":50}},"25":{"start":{"line":26,"column":0},"end":{"line":26,"column":7}},"26":{"start":{"line":27,"column":0},"end":{"line":27,"column":22}},"27":{"start":{"line":28,"column":0},"end":{"line":28,"column":76}},"28":{"start":{"line":29,"column":0},"end":{"line":29,"column":7}},"29":{"start":{"line":30,"column":0},"end":{"line":30,"column":23}},"30":{"start":{"line":31,"column":0},"end":{"line":31,"column":99}},"31":{"start":{"line":32,"column":0},"end":{"line":32,"column":7}},"32":{"start":{"line":33,"column":0},"end":{"line":33,"column":25}},"33":{"start":{"line":34,"column":0},"end":{"line":34,"column":18}},"34":{"start":{"line":35,"column":0},"end":{"line":35,"column":7}},"35":{"start":{"line":36,"column":0},"end":{"line":36,"column":14}},"36":{"start":{"line":37,"column":0},"end":{"line":37,"column":43}},"37":{"start":{"line":38,"column":0},"end":{"line":38,"column":5}},"38":{"start":{"line":39,"column":0},"end":{"line":39,"column":4}},"39":{"start":{"line":40,"column":0},"end":{"line":40,"column":0}},"40":{"start":{"line":41,"column":0},"end":{"line":41,"column":24}},"41":{"start":{"line":42,"column":0},"end":{"line":42,"column":2}},"42":{"start":{"line":43,"column":0},"end":{"line":43,"column":0}},"43":{"start":{"line":44,"column":0},"end":{"line":44,"column":25}},"44":{"start":{"line":45,"column":0},"end":{"line":45,"column":59}},"45":{"start":{"line":46,"column":0},"end":{"line":46,"column":23}},"46":{"start":{"line":47,"column":0},"end":{"line":47,"column":2}},"47":{"start":{"line":48,"column":0},"end":{"line":48,"column":21}}},"s":{"0":1,"1":1,"2":1,"3":26,"4":6,"5":6,"6":26,"7":14,"8":14,"9":6,"10":1,"11":1,"12":1,"13":8,"14":36,"15":36,"16":36,"17":36,"18":36,"19":36,"20":36,"21":10,"22":10,"23":36,"24":4,"25":4,"26":36,"27":8,"28":8,"29":36,"30":8,"31":8,"32":36,"33":6,"34":6,"35":36,"36":0,"37":36,"38":8,"39":8,"40":8,"41":1,"42":1,"43":1,"44":2,"45":2,"46":1,"47":1},"branchMap":{"0":{"type":"branch","line":1,"loc":{"start":{"line":1,"column":0},"end":{"line":48,"column":21}},"locations":[{"start":{"line":1,"column":0},"end":{"line":48,"column":21}}]},"1":{"type":"branch","line":3,"loc":{"start":{"line":3,"column":17},"end":{"line":11,"column":1}},"locations":[{"start":{"line":3,"column":17},"end":{"line":11,"column":1}}]},"2":{"type":"branch","line":4,"loc":{"start":{"line":4,"column":25},"end":{"line":6,"column":3}},"locations":[{"start":{"line":4,"column":25},"end":{"line":6,"column":3}}]},"3":{"type":"branch","line":7,"loc":{"start":{"line":7,"column":-1},"end":{"line":7,"column":25}},"locations":[{"start":{"line":7,"column":-1},"end":{"line":7,"column":25}}]},"4":{"type":"branch","line":7,"loc":{"start":{"line":7,"column":25},"end":{"line":9,"column":3}},"locations":[{"start":{"line":7,"column":25},"end":{"line":9,"column":3}}]},"5":{"type":"branch","line":10,"loc":{"start":{"line":10,"column":-1},"end":{"line":11,"column":0}},"locations":[{"start":{"line":10,"column":-1},"end":{"line":11,"column":0}}]},"6":{"type":"branch","line":13,"loc":{"start":{"line":13,"column":15},"end":{"line":42,"column":1}},"locations":[{"start":{"line":13,"column":15},"end":{"line":42,"column":1}}]},"7":{"type":"branch","line":14,"loc":{"start":{"line":14,"column":15},"end":{"line":39,"column":3}},"locations":[{"start":{"line":14,"column":15},"end":{"line":39,"column":3}}]},"8":{"type":"branch","line":21,"loc":{"start":{"line":21,"column":6},"end":{"line":23,"column":7}},"locations":[{"start":{"line":21,"column":6},"end":{"line":23,"column":7}}]},"9":{"type":"branch","line":24,"loc":{"start":{"line":24,"column":6},"end":{"line":26,"column":7}},"locations":[{"start":{"line":24,"column":6},"end":{"line":26,"column":7}}]},"10":{"type":"branch","line":27,"loc":{"start":{"line":27,"column":6},"end":{"line":29,"column":7}},"locations":[{"start":{"line":27,"column":6},"end":{"line":29,"column":7}}]},"11":{"type":"branch","line":30,"loc":{"start":{"line":30,"column":6},"end":{"line":32,"column":7}},"locations":[{"start":{"line":30,"column":6},"end":{"line":32,"column":7}}]},"12":{"type":"branch","line":33,"loc":{"start":{"line":33,"column":6},"end":{"line":35,"column":7}},"locations":[{"start":{"line":33,"column":6},"end":{"line":35,"column":7}}]},"13":{"type":"branch","line":36,"loc":{"start":{"line":36,"column":6},"end":{"line":37,"column":43}},"locations":[{"start":{"line":36,"column":6},"end":{"line":37,"column":43}}]},"14":{"type":"branch","line":28,"loc":{"start":{"line":28,"column":31},"end":{"line":28,"column":63}},"locations":[{"start":{"line":28,"column":31},"end":{"line":28,"column":63}}]},"15":{"type":"branch","line":44,"loc":{"start":{"line":44,"column":14},"end":{"line":47,"column":1}},"locations":[{"start":{"line":44,"column":14},"end":{"line":47,"column":1}}]},"16":{"type":"branch","line":45,"loc":{"start":{"line":45,"column":26},"end":{"line":45,"column":48}},"locations":[{"start":{"line":45,"column":26},"end":{"line":45,"column":48}}]}},"b":{"0":[1],"1":[26],"2":[6],"3":[20],"4":[14],"5":[6],"6":[8],"7":[36],"8":[10],"9":[4],"10":[8],"11":[8],"12":[6],"13":[0],"14":[28],"15":[2],"16":[8]},"fnMap":{"0":{"name":"getValue","decl":{"start":{"line":3,"column":17},"end":{"line":11,"column":1}},"loc":{"start":{"line":3,"column":17},"end":{"line":11,"column":1}},"line":3},"1":{"name":"render","decl":{"start":{"line":13,"column":15},"end":{"line":42,"column":1}},"loc":{"start":{"line":13,"column":15},"end":{"line":42,"column":1}},"line":13},"2":{"name":"iter","decl":{"start":{"line":14,"column":15},"end":{"line":39,"column":3}},"loc":{"start":{"line":14,"column":15},"end":{"line":39,"column":3}},"line":14},"3":{"name":"plain","decl":{"start":{"line":44,"column":14},"end":{"line":47,"column":1}},"loc":{"start":{"line":44,"column":14},"end":{"line":47,"column":1}},"line":44}},"f":{"0":26,"1":8,"2":36,"3":2}}
,"/home/yar/frontend-project-lvl2/src/formatters/stylish.js": {"path":"/home/yar/frontend-project-lvl2/src/formatters/stylish.js","all":false,"statementMap":{"0":{"start":{"line":1,"column":0},"end":{"line":1,"column":23}},"1":{"start":{"line":2,"column":0},"end":{"line":2,"column":0}},"2":{"start":{"line":3,"column":0},"end":{"line":3,"column":37}},"3":{"start":{"line":4,"column":0},"end":{"line":4,"column":39}},"4":{"start":{"line":5,"column":0},"end":{"line":5,"column":44}},"5":{"start":{"line":6,"column":0},"end":{"line":6,"column":0}},"6":{"start":{"line":7,"column":0},"end":{"line":7,"column":27}},"7":{"start":{"line":8,"column":0},"end":{"line":8,"column":17}},"8":{"start":{"line":9,"column":0},"end":{"line":9,"column":3}},"9":{"start":{"line":10,"column":0},"end":{"line":10,"column":32}},"10":{"start":{"line":11,"column":0},"end":{"line":11,"column":44}},"11":{"start":{"line":12,"column":0},"end":{"line":12,"column":33}},"12":{"start":{"line":13,"column":0},"end":{"line":13,"column":70}},"13":{"start":{"line":14,"column":0},"end":{"line":14,"column":5}},"14":{"start":{"line":15,"column":0},"end":{"line":15,"column":46}},"15":{"start":{"line":16,"column":0},"end":{"line":16,"column":5}},"16":{"start":{"line":17,"column":0},"end":{"line":17,"column":53}},"17":{"start":{"line":18,"column":0},"end":{"line":18,"column":2}},"18":{"start":{"line":19,"column":0},"end":{"line":19,"column":0}},"19":{"start":{"line":20,"column":0},"end":{"line":20,"column":27}},"20":{"start":{"line":21,"column":0},"end":{"line":21,"column":55}},"21":{"start":{"line":22,"column":0},"end":{"line":22,"column":11}},"22":{"start":{"line":23,"column":0},"end":{"line":23,"column":50}},"23":{"start":{"line":24,"column":0},"end":{"line":24,"column":12}},"24":{"start":{"line":25,"column":0},"end":{"line":25,"column":37}},"25":{"start":{"line":26,"column":0},"end":{"line":26,"column":46}},"26":{"start":{"line":27,"column":0},"end":{"line":27,"column":0}},"27":{"start":{"line":28,"column":0},"end":{"line":28,"column":19}},"28":{"start":{"line":29,"column":0},"end":{"line":29,"column":21}},"29":{"start":{"line":30,"column":0},"end":{"line":30,"column":66}},"30":{"start":{"line":31,"column":0},"end":{"line":31,"column":7}},"31":{"start":{"line":32,"column":0},"end":{"line":32,"column":23}},"32":{"start":{"line":33,"column":0},"end":{"line":33,"column":66}},"33":{"start":{"line":34,"column":0},"end":{"line":34,"column":7}},"34":{"start":{"line":35,"column":0},"end":{"line":35,"column":22}},"35":{"start":{"line":36,"column":0},"end":{"line":36,"column":95}},"36":{"start":{"line":37,"column":0},"end":{"line":37,"column":7}},"37":{"start":{"line":38,"column":0},"end":{"line":38,"column":23}},"38":{"start":{"line":39,"column":0},"end":{"line":39,"column":116}},"39":{"start":{"line":40,"column":0},"end":{"line":40,"column":7}},"40":{"start":{"line":41,"column":0},"end":{"line":41,"column":25}},"41":{"start":{"line":42,"column":0},"end":{"line":42,"column":66}},"42":{"start":{"line":43,"column":0},"end":{"line":43,"column":7}},"43":{"start":{"line":44,"column":0},"end":{"line":44,"column":14}},"44":{"start":{"line":45,"column":0},"end":{"line":45,"column":43}},"45":{"start":{"line":46,"column":0},"end":{"line":46,"column":5}},"46":{"start":{"line":47,"column":0},"end":{"line":47,"column":5}},"47":{"start":{"line":48,"column":0},"end":{"line":48,"column":0}},"48":{"start":{"line":49,"column":0},"end":{"line":49,"column":38}},"49":{"start":{"line":50,"column":0},"end":{"line":50,"column":2}},"50":{"start":{"line":51,"column":0},"end":{"line":51,"column":0}},"51":{"start":{"line":52,"column":0},"end":{"line":52,"column":23}}},"s":{"0":1,"1":1,"2":1,"3":42,"4":42,"5":42,"6":42,"7":28,"8":28,"9":14,"10":14,"11":18,"12":6,"13":6,"14":12,"15":14,"16":14,"17":1,"18":1,"19":1,"20":2,"21":36,"22":36,"23":36,"24":36,"25":36,"26":36,"27":36,"28":36,"29":10,"30":10,"31":36,"32":4,"33":4,"34":36,"35":8,"36":8,"37":36,"38":8,"39":8,"40":36,"41":6,"42":6,"43":36,"44":0,"45":36,"46":2,"47":2,"48":2,"49":1,"50":1,"51":1},"branchMap":{"0":{"type":"branch","line":1,"loc":{"start":{"line":1,"column":0},"end":{"line":52,"column":23}},"locations":[{"start":{"line":1,"column":0},"end":{"line":52,"column":23}}]},"1":{"type":"branch","line":3,"loc":{"start":{"line":3,"column":18},"end":{"line":18,"column":1}},"locations":[{"start":{"line":3,"column":18},"end":{"line":18,"column":1}}]},"2":{"type":"branch","line":7,"loc":{"start":{"line":7,"column":26},"end":{"line":9,"column":3}},"locations":[{"start":{"line":7,"column":26},"end":{"line":9,"column":3}}]},"3":{"type":"branch","line":10,"loc":{"start":{"line":10,"column":-1},"end":{"line":18,"column":0}},"locations":[{"start":{"line":10,"column":-1},"end":{"line":18,"column":0}}]},"4":{"type":"branch","line":11,"loc":{"start":{"line":11,"column":34},"end":{"line":16,"column":3}},"locations":[{"start":{"line":11,"column":34},"end":{"line":16,"column":3}}]},"5":{"type":"branch","line":12,"loc":{"start":{"line":12,"column":32},"end":{"line":14,"column":5}},"locations":[{"start":{"line":12,"column":32},"end":{"line":14,"column":5}}]},"6":{"type":"branch","line":15,"loc":{"start":{"line":15,"column":-1},"end":{"line":16,"column":2}},"locations":[{"start":{"line":15,"column":-1},"end":{"line":16,"column":2}}]},"7":{"type":"branch","line":20,"loc":{"start":{"line":20,"column":16},"end":{"line":50,"column":1}},"locations":[{"start":{"line":20,"column":16},"end":{"line":50,"column":1}}]},"8":{"type":"branch","line":21,"loc":{"start":{"line":21,"column":15},"end":{"line":47,"column":4}},"locations":[{"start":{"line":21,"column":15},"end":{"line":47,"column":4}}]},"9":{"type":"branch","line":21,"loc":{"start":{"line":21,"column":45},"end":{"line":47,"column":3}},"locations":[{"start":{"line":21,"column":45},"end":{"line":47,"column":3}}]},"10":{"type":"branch","line":29,"loc":{"start":{"line":29,"column":6},"end":{"line":31,"column":7}},"locations":[{"start":{"line":29,"column":6},"end":{"line":31,"column":7}}]},"11":{"type":"branch","line":32,"loc":{"start":{"line":32,"column":6},"end":{"line":34,"column":7}},"locations":[{"start":{"line":32,"column":6},"end":{"line":34,"column":7}}]},"12":{"type":"branch","line":35,"loc":{"start":{"line":35,"column":6},"end":{"line":37,"column":7}},"locations":[{"start":{"line":35,"column":6},"end":{"line":37,"column":7}}]},"13":{"type":"branch","line":38,"loc":{"start":{"line":38,"column":6},"end":{"line":40,"column":7}},"locations":[{"start":{"line":38,"column":6},"end":{"line":40,"column":7}}]},"14":{"type":"branch","line":41,"loc":{"start":{"line":41,"column":6},"end":{"line":43,"column":7}},"locations":[{"start":{"line":41,"column":6},"end":{"line":43,"column":7}}]},"15":{"type":"branch","line":44,"loc":{"start":{"line":44,"column":6},"end":{"line":45,"column":43}},"locations":[{"start":{"line":44,"column":6},"end":{"line":45,"column":43}}]}},"b":{"0":[1],"1":[42],"2":[28],"3":[14],"4":[18],"5":[6],"6":[12],"7":[2],"8":[10],"9":[36],"10":[10],"11":[4],"12":[8],"13":[8],"14":[6],"15":[0]},"fnMap":{"0":{"name":"stringify","decl":{"start":{"line":3,"column":18},"end":{"line":18,"column":1}},"loc":{"start":{"line":3,"column":18},"end":{"line":18,"column":1}},"line":3},"1":{"name":"stylish","decl":{"start":{"line":20,"column":16},"end":{"line":50,"column":1}},"loc":{"start":{"line":20,"column":16},"end":{"line":50,"column":1}},"line":20},"2":{"name":"iter","decl":{"start":{"line":21,"column":15},"end":{"line":47,"column":4}},"loc":{"start":{"line":21,"column":15},"end":{"line":47,"column":4}},"line":21}},"f":{"0":42,"1":2,"2":10}}
}
