{"/home/yar/frontend-project-lvl2/src/index.js": {"path":"/home/yar/frontend-project-lvl2/src/index.js","statementMap":{"0":{"start":{"line":4,"column":23},"end":{"line":10,"column":1}},"1":{"start":{"line":5,"column":22},"end":{"line":5,"column":53}},"2":{"start":{"line":6,"column":22},"end":{"line":6,"column":53}},"3":{"start":{"line":7,"column":18},"end":{"line":7,"column":39}},"4":{"start":{"line":8,"column":18},"end":{"line":8,"column":39}},"5":{"start":{"line":9,"column":4},"end":{"line":9,"column":38}},"6":{"start":{"line":12,"column":21},"end":{"line":31,"column":3}},"7":{"start":{"line":13,"column":18},"end":{"line":13,"column":31}},"8":{"start":{"line":14,"column":18},"end":{"line":14,"column":31}},"9":{"start":{"line":15,"column":20},"end":{"line":15,"column":41}},"10":{"start":{"line":16,"column":20},"end":{"line":16,"column":32}},"11":{"start":{"line":17,"column":21},"end":{"line":17,"column":23}},"12":{"start":{"line":18,"column":4},"end":{"line":29,"column":6}},"13":{"start":{"line":19,"column":6},"end":{"line":28,"column":62}},"14":{"start":{"line":20,"column":8},"end":{"line":20,"column":59}},"15":{"start":{"line":22,"column":11},"end":{"line":28,"column":62}},"16":{"start":{"line":23,"column":8},"end":{"line":23,"column":59}},"17":{"start":{"line":25,"column":11},"end":{"line":28,"column":62}},"18":{"start":{"line":26,"column":8},"end":{"line":26,"column":86}},"19":{"start":{"line":28,"column":11},"end":{"line":28,"column":62}},"20":{"start":{"line":30,"column":4},"end":{"line":30,"column":31}}},"fnMap":{"0":{"name":"(anonymous_0)","decl":{"start":{"line":4,"column":23},"end":{"line":4,"column":24}},"loc":{"start":{"line":4,"column":41},"end":{"line":10,"column":1}},"line":4},"1":{"name":"(anonymous_1)","decl":{"start":{"line":12,"column":21},"end":{"line":12,"column":22}},"loc":{"start":{"line":12,"column":39},"end":{"line":31,"column":3}},"line":12},"2":{"name":"(anonymous_2)","decl":{"start":{"line":18,"column":23},"end":{"line":18,"column":24}},"loc":{"start":{"line":18,"column":32},"end":{"line":29,"column":5}},"line":18}},"branchMap":{"0":{"loc":{"start":{"line":19,"column":6},"end":{"line":28,"column":62}},"type":"if","locations":[{"start":{"line":19,"column":6},"end":{"line":28,"column":62}},{"start":{"line":22,"column":11},"end":{"line":28,"column":62}}],"line":19},"1":{"loc":{"start":{"line":22,"column":11},"end":{"line":28,"column":62}},"type":"if","locations":[{"start":{"line":22,"column":11},"end":{"line":28,"column":62}},{"start":{"line":25,"column":11},"end":{"line":28,"column":62}}],"line":22},"2":{"loc":{"start":{"line":25,"column":11},"end":{"line":28,"column":62}},"type":"if","locations":[{"start":{"line":25,"column":11},"end":{"line":28,"column":62}},{"start":{"line":28,"column":11},"end":{"line":28,"column":62}}],"line":25}},"s":{"0":1,"1":1,"2":1,"3":1,"4":1,"5":1,"6":1,"7":1,"8":1,"9":1,"10":1,"11":1,"12":1,"13":5,"14":1,"15":4,"16":2,"17":2,"18":1,"19":1,"20":1},"f":{"0":1,"1":1,"2":5},"b":{"0":[1,4],"1":[2,2],"2":[1,1]},"_coverageSchema":"1a1c01bbd47fc00a2c39e90264f33305004495a9","hash":"4a4e627d8ac4ea6d6ff5cd4a4d5e7adcea9fab6f"}
}
