TN:
SF:index.js
FNF:0
FNH:0
DA:1,1
DA:2,1
DA:3,1
LF:3
LH:3
BRDA:1,0,0,1
BRF:1
BRH:1
end_of_record
TN:
SF:src/fileReader.js
FN:4,getFileData
FNF:1
FNH:1
FNDA:12,getFileData
DA:1,1
DA:2,1
DA:3,1
DA:4,1
DA:5,12
DA:6,12
DA:7,12
DA:8,12
DA:9,12
DA:10,1
DA:11,1
DA:12,1
LF:12
LH:12
BRDA:1,0,0,1
BRDA:4,1,0,12
BRF:2
BRH:2
end_of_record
TN:
SF:src/index.js
FN:6,genDiff
FNF:1
FNH:1
FNDA:6,genDiff
DA:1,1
DA:2,1
DA:3,1
DA:4,1
DA:5,1
DA:6,1
DA:7,6
DA:8,6
DA:9,6
DA:10,6
DA:11,6
DA:12,6
DA:13,1
DA:14,1
DA:15,1
LF:15
LH:15
BRDA:1,0,0,1
BRDA:6,1,0,6
BRF:2
BRH:2
end_of_record
TN:
SF:src/parsers.js
FN:3,parse
FNF:1
FNH:1
FNDA:12,parse
DA:1,1
DA:2,1
DA:3,1
DA:4,12
DA:5,6
DA:6,6
DA:7,6
DA:8,12
DA:9,6
DA:10,6
DA:11,6
DA:12,0
DA:13,1
DA:14,1
DA:15,1
LF:15
LH:14
BRDA:1,0,0,1
BRDA:3,1,0,12
BRDA:4,2,0,6
BRDA:8,3,0,6
BRDA:12,4,0,0
BRF:5
BRH:4
end_of_record
TN:
SF:src/treeBuilder.js
FN:3,makeTree
FNF:1
FNH:1
FNDA:30,makeTree
DA:1,1
DA:2,1
DA:3,1
DA:4,30
DA:5,30
DA:6,30
DA:7,108
DA:8,30
DA:9,30
DA:10,30
DA:11,30
DA:12,30
DA:13,30
DA:14,108
DA:15,12
DA:16,12
DA:17,12
DA:18,12
DA:19,12
DA:20,12
DA:21,108
DA:22,24
DA:23,24
DA:24,24
DA:25,24
DA:26,24
DA:27,24
DA:28,108
DA:29,24
DA:30,24
DA:31,24
DA:32,24
DA:33,24
DA:34,24
DA:35,24
DA:36,18
DA:37,18
DA:38,18
DA:39,18
DA:40,18
DA:41,18
DA:42,30
DA:43,30
DA:44,1
DA:45,1
DA:46,1
LF:46
LH:46
BRDA:1,0,0,1
BRDA:3,1,0,30
BRDA:6,2,0,108
BRDA:7,3,0,30
BRDA:14,4,0,78
BRDA:14,5,0,12
BRDA:21,6,0,66
BRDA:21,7,0,30
BRDA:21,8,0,24
BRDA:28,9,0,42
BRDA:28,10,0,24
BRDA:36,11,0,18
BRF:12
BRH:12
end_of_record
TN:
SF:src/formatters/index.js
FN:5,getFormater
FNF:1
FNH:1
FNDA:6,getFormater
DA:1,1
DA:2,1
DA:3,1
DA:4,1
DA:5,1
DA:6,6
DA:7,2
DA:8,2
DA:9,6
DA:10,2
DA:11,2
DA:12,2
DA:13,1
DA:14,1
DA:15,1
LF:15
LH:15
BRDA:1,0,0,1
BRDA:5,1,0,6
BRDA:6,2,0,2
BRDA:9,3,0,4
BRDA:9,4,0,2
BRF:5
BRH:5
end_of_record
TN:
SF:src/formatters/json.js
FN:1,json
FNF:1
FNH:1
FNDA:2,json
DA:1,1
DA:2,1
DA:3,1
LF:3
LH:3
BRDA:1,0,0,1
BRDA:1,1,0,2
BRF:2
BRH:2
end_of_record
TN:
SF:src/formatters/plain.js
FN:3,getValue
FN:13,render
FN:14,iter
FN:44,plain
FNF:4
FNH:4
FNDA:26,getValue
FNDA:8,render
FNDA:36,iter
FNDA:2,plain
DA:1,1
DA:2,1
DA:3,1
DA:4,26
DA:5,6
DA:6,6
DA:7,26
DA:8,14
DA:9,14
DA:10,6
DA:11,1
DA:12,1
DA:13,1
DA:14,8
DA:15,36
DA:16,36
DA:17,36
DA:18,36
DA:19,36
DA:20,36
DA:21,36
DA:22,10
DA:23,10
DA:24,36
DA:25,4
DA:26,4
DA:27,36
DA:28,8
DA:29,8
DA:30,36
DA:31,8
DA:32,8
DA:33,36
DA:34,6
DA:35,6
DA:36,36
DA:37,0
DA:38,36
DA:39,8
DA:40,8
DA:41,8
DA:42,1
DA:43,1
DA:44,1
DA:45,2
DA:46,2
DA:47,1
DA:48,1
LF:48
LH:47
BRDA:1,0,0,1
BRDA:3,1,0,26
BRDA:4,2,0,6
BRDA:7,3,0,20
BRDA:7,4,0,14
BRDA:10,5,0,6
BRDA:13,6,0,8
BRDA:14,7,0,36
BRDA:21,8,0,10
BRDA:24,9,0,4
BRDA:27,10,0,8
BRDA:30,11,0,8
BRDA:33,12,0,6
BRDA:36,13,0,0
BRDA:28,14,0,28
BRDA:44,15,0,2
BRDA:45,16,0,8
BRF:17
BRH:16
end_of_record
TN:
SF:src/formatters/stylish.js
FN:3,stringify
FN:20,stylish
FN:21,iter
FNF:3
FNH:3
FNDA:42,stringify
FNDA:2,stylish
FNDA:10,iter
DA:1,1
DA:2,1
DA:3,1
DA:4,42
DA:5,42
DA:6,42
DA:7,42
DA:8,28
DA:9,28
DA:10,14
DA:11,14
DA:12,18
DA:13,6
DA:14,6
DA:15,12
DA:16,14
DA:17,14
DA:18,1
DA:19,1
DA:20,1
DA:21,2
DA:22,36
DA:23,36
DA:24,36
DA:25,36
DA:26,36
DA:27,36
DA:28,36
DA:29,36
DA:30,10
DA:31,10
DA:32,36
DA:33,4
DA:34,4
DA:35,36
DA:36,8
DA:37,8
DA:38,36
DA:39,8
DA:40,8
DA:41,36
DA:42,6
DA:43,6
DA:44,36
DA:45,0
DA:46,36
DA:47,2
DA:48,2
DA:49,2
DA:50,1
DA:51,1
DA:52,1
LF:52
LH:51
BRDA:1,0,0,1
BRDA:3,1,0,42
BRDA:7,2,0,28
BRDA:10,3,0,14
BRDA:11,4,0,18
BRDA:12,5,0,6
BRDA:15,6,0,12
BRDA:20,7,0,2
BRDA:21,8,0,10
BRDA:21,9,0,36
BRDA:29,10,0,10
BRDA:32,11,0,4
BRDA:35,12,0,8
BRDA:38,13,0,8
BRDA:41,14,0,6
BRDA:44,15,0,0
BRF:16
BRH:15
end_of_record
